<?xml version="1.0" encoding="UTF-8"?>
<!-- Generated by org.testng.reporters.JUnitReportReporter -->
<testsuite hostname="LAPTOP-RPU5051R" name="testPack.TestA" tests="2" failures="0" timestamp="9 Apr 2022 11:30:41 GMT" time="5.021" errors="0">
  <testcase name="test_a" time="5.019" classname="testPack.TestA"/>
  <testcase name="test_a1" time="0.002" classname="testPack.TestA"/>
</testsuite> <!-- testPack.TestA -->
