<?xml version="1.0" encoding="UTF-8"?>
<!-- Generated by org.testng.reporters.JUnitReportReporter -->
<testsuite hostname="LAPTOP-RPU5051R" name="testCases.LoginTest" tests="1" failures="0" timestamp="10 Apr 2022 05:52:24 GMT" time="11.909" errors="0">
  <testcase name="login_Zoho" time="11.909" classname="testCases.LoginTest"/>
</testsuite> <!-- testCases.LoginTest -->
