<?xml version="1.0" encoding="UTF-8"?>
<!-- Generated by org.testng.reporters.JUnitReportReporter -->
<testsuite hostname="LAPTOP-RPU5051R" name="testPack.TestB" tests="2" failures="0" timestamp="9 Apr 2022 11:30:41 GMT" time="0.013" errors="0">
  <testcase name="test_1" time="0.013" classname="testPack.TestB"/>
  <testcase name="test_b" time="0.000" classname="testPack.TestB"/>
</testsuite> <!-- testPack.TestB -->
